This is pdfTeX, Version 3.141592653-2.6-1.40.26 (TeX Live 2024) (preloaded format=pdflatex 2025.2.3)  3 JUL 2025 18:32
entering extended mode
 restricted \write18 enabled.
 %&-line parsing enabled.
**exercicios-encontro2-solucao.tex
(./exercicios-encontro2-solucao.tex
LaTeX2e <2024-11-01> patch level 2
L3 programming layer <2025-01-18>
(/home/lacf14/.TinyTeX/texmf-dist/tex/latex/beamer/beamer.cls
Document Class: beamer 2024/01/06 v3.71 A class for typesetting presentations
(/home/lacf14/.TinyTeX/texmf-dist/tex/latex/beamer/beamerbasemodes.sty (/home/lacf14/.TinyTeX/texmf-dist/tex/latex/etoolbox/etoolbox.sty
Package: etoolbox 2020/10/05 v2.5k e-TeX tools for LaTeX (JAW)
\etb@tempcnta=\count196
)
\beamer@tempbox=\box52
\beamer@tempcount=\count197
\c@beamerpauses=\count198
(/home/lacf14/.TinyTeX/texmf-dist/tex/latex/beamer/beamerbasedecode.sty
\beamer@slideinframe=\count199
\beamer@minimum=\count266
\beamer@decode@box=\box53
)
\beamer@commentbox=\box54
\beamer@modecount=\count267
) (/home/lacf14/.TinyTeX/texmf-dist/tex/generic/iftex/iftex.sty
Package: iftex 2024/12/12 v1.0g TeX engine tests
)
\headdp=\dimen141
\footheight=\dimen142
\sidebarheight=\dimen143
\beamer@tempdim=\dimen144
\beamer@finalheight=\dimen145
\beamer@animht=\dimen146
\beamer@animdp=\dimen147
\beamer@animwd=\dimen148
\beamer@leftmargin=\dimen149
\beamer@rightmargin=\dimen150
\beamer@leftsidebar=\dimen151
\beamer@rightsidebar=\dimen152
\beamer@boxsize=\dimen153
\beamer@vboxoffset=\dimen154
\beamer@descdefault=\dimen155
\beamer@descriptionwidth=\dimen156
\beamer@lastskip=\skip49
\beamer@areabox=\box55
\beamer@animcurrent=\box56
\beamer@animshowbox=\box57
\beamer@sectionbox=\box58
\beamer@logobox=\box59
\beamer@linebox=\box60
\beamer@sectioncount=\count268
\beamer@subsubsectionmax=\count269
\beamer@subsectionmax=\count270
\beamer@sectionmax=\count271
\beamer@totalheads=\count272
\beamer@headcounter=\count273
\beamer@partstartpage=\count274
\beamer@sectionstartpage=\count275
\beamer@subsectionstartpage=\count276
\beamer@animationtempa=\count277
\beamer@animationtempb=\count278
\beamer@xpos=\count279
\beamer@ypos=\count280
\beamer@ypos@offset=\count281
\beamer@showpartnumber=\count282
\beamer@currentsubsection=\count283
\beamer@coveringdepth=\count284
\beamer@sectionadjust=\count285
\beamer@toclastsection=\count286
\beamer@tocsectionnumber=\count287
(/home/lacf14/.TinyTeX/texmf-dist/tex/latex/beamer/beamerbaseoptions.sty (/home/lacf14/.TinyTeX/texmf-dist/tex/latex/graphics/keyval.sty
Package: keyval 2022/05/29 v1.15 key=value parser (DPC)
\KV@toks@=\toks17
))
\beamer@paperwidth=\skip50
\beamer@paperheight=\skip51
(/home/lacf14/.TinyTeX/texmf-dist/tex/latex/geometry/geometry.sty
Package: geometry 2020/01/02 v5.9 Page Geometry
(/home/lacf14/.TinyTeX/texmf-dist/tex/generic/iftex/ifvtex.sty
Package: ifvtex 2019/10/25 v1.7 ifvtex legacy package. Use iftex instead.
)
\Gm@cnth=\count288
\Gm@cntv=\count289
\c@Gm@tempcnt=\count290
\Gm@bindingoffset=\dimen157
\Gm@wd@mp=\dimen158
\Gm@odd@mp=\dimen159
\Gm@even@mp=\dimen160
\Gm@layoutwidth=\dimen161
\Gm@layoutheight=\dimen162
\Gm@layouthoffset=\dimen163
\Gm@layoutvoffset=\dimen164
\Gm@dimlist=\toks18
) (/home/lacf14/.TinyTeX/texmf-dist/tex/latex/pgf/math/pgfmath.sty (/home/lacf14/.TinyTeX/texmf-dist/tex/latex/pgf/utilities/pgfrcs.sty (/home/lacf14/.TinyTeX/texmf-dist/tex/generic/pgf/utilities/pgfutil-common.tex
\pgfutil@everybye=\toks19
\pgfutil@tempdima=\dimen165
\pgfutil@tempdimb=\dimen166
) (/home/lacf14/.TinyTeX/texmf-dist/tex/generic/pgf/utilities/pgfutil-latex.def
\pgfutil@abb=\box61
) (/home/lacf14/.TinyTeX/texmf-dist/tex/generic/pgf/utilities/pgfrcs.code.tex (/home/lacf14/.TinyTeX/texmf-dist/tex/generic/pgf/pgf.revision.tex)
Package: pgfrcs 2023-01-15 v3.1.10 (3.1.10)
)) (/home/lacf14/.TinyTeX/texmf-dist/tex/latex/pgf/utilities/pgfkeys.sty (/home/lacf14/.TinyTeX/texmf-dist/tex/generic/pgf/utilities/pgfkeys.code.tex
\pgfkeys@pathtoks=\toks20
\pgfkeys@temptoks=\toks21
(/home/lacf14/.TinyTeX/texmf-dist/tex/generic/pgf/utilities/pgfkeyslibraryfiltered.code.tex
\pgfkeys@tmptoks=\toks22
))) (/home/lacf14/.TinyTeX/texmf-dist/tex/generic/pgf/math/pgfmath.code.tex (/home/lacf14/.TinyTeX/texmf-dist/tex/generic/pgf/math/pgfmathutil.code.tex
\pgf@x=\dimen167
\pgf@xa=\dimen168
\pgf@xb=\dimen169
\pgf@xc=\dimen170
\pgf@y=\dimen171
\pgf@ya=\dimen172
\pgf@yb=\dimen173
\pgf@yc=\dimen174
\c@pgf@counta=\count291
\c@pgf@countb=\count292
\c@pgf@countc=\count293
\c@pgf@countd=\count294
) (/home/lacf14/.TinyTeX/texmf-dist/tex/generic/pgf/math/pgfmathparser.code.tex
\pgfmath@dimen=\dimen175
\pgfmath@count=\count295
\pgfmath@box=\box62
\pgfmath@toks=\toks23
\pgfmath@stack@operand=\toks24
\pgfmath@stack@operation=\toks25
) (/home/lacf14/.TinyTeX/texmf-dist/tex/generic/pgf/math/pgfmathfunctions.code.tex) (/home/lacf14/.TinyTeX/texmf-dist/tex/generic/pgf/math/pgfmathfunctions.basic.code.tex) (/home/lacf14/.TinyTeX/texmf-dist/tex/generic/pgf/math/pgfmathfunctions.trigonometric.code.tex) (/home/lacf14/.TinyTeX/texmf-dist/tex/generic/pgf/math/pgfmathfunctions.random.code.tex) (/home/lacf14/.TinyTeX/texmf-dist/tex/generic/pgf/math/pgfmathfunctions.comparison.code.tex) (/home/lacf14/.TinyTeX/texmf-dist/tex/generic/pgf/math/pgfmathfunctions.base.code.tex) (/home/lacf14/.TinyTeX/texmf-dist/tex/generic/pgf/math/pgfmathfunctions.round.code.tex) (/home/lacf14/.TinyTeX/texmf-dist/tex/generic/pgf/math/pgfmathfunctions.misc.code.tex) (/home/lacf14/.TinyTeX/texmf-dist/tex/generic/pgf/math/pgfmathfunctions.integerarithmetics.code.tex) (/home/lacf14/.TinyTeX/texmf-dist/tex/generic/pgf/math/pgfmathcalc.code.tex) (/home/lacf14/.TinyTeX/texmf-dist/tex/generic/pgf/math/pgfmathfloat.code.tex
\c@pgfmathroundto@lastzeros=\count296
)))

Class beamer Warning: ``serif'' option is obsolete. Use font theme ``serif'' instead on input line 360.


Class beamer Warning: ``professionalfont'' option is obsolete. Use font theme ``professionalfonts'' instead on input line 360.

(/home/lacf14/.TinyTeX/texmf-dist/tex/latex/base/size11.clo
File: size11.clo 2024/06/29 v1.4n Standard LaTeX file (size option)
) (/home/lacf14/.TinyTeX/texmf-dist/tex/latex/pgf/basiclayer/pgfcore.sty (/home/lacf14/.TinyTeX/texmf-dist/tex/latex/graphics/graphicx.sty
Package: graphicx 2021/09/16 v1.2d Enhanced LaTeX Graphics (DPC,SPQR)
(/home/lacf14/.TinyTeX/texmf-dist/tex/latex/graphics/graphics.sty
Package: graphics 2024/08/06 v1.4g Standard LaTeX Graphics (DPC,SPQR)
(/home/lacf14/.TinyTeX/texmf-dist/tex/latex/graphics/trig.sty
Package: trig 2023/12/02 v1.11 sin cos tan (DPC)
) (/home/lacf14/.TinyTeX/texmf-dist/tex/latex/graphics-cfg/graphics.cfg
File: graphics.cfg 2016/06/04 v1.11 sample graphics configuration
)
Package graphics Info: Driver file: pdftex.def on input line 106.
(/home/lacf14/.TinyTeX/texmf-dist/tex/latex/graphics-def/pdftex.def
File: pdftex.def 2024/04/13 v1.2c Graphics/color driver for pdftex
))
\Gin@req@height=\dimen176
\Gin@req@width=\dimen177
) (/home/lacf14/.TinyTeX/texmf-dist/tex/latex/pgf/systemlayer/pgfsys.sty (/home/lacf14/.TinyTeX/texmf-dist/tex/generic/pgf/systemlayer/pgfsys.code.tex
Package: pgfsys 2023-01-15 v3.1.10 (3.1.10)
\pgf@x=\dimen178
\pgf@y=\dimen179
\pgf@xa=\dimen180
\pgf@ya=\dimen181
\pgf@xb=\dimen182
\pgf@yb=\dimen183
\pgf@xc=\dimen184
\pgf@yc=\dimen185
\pgf@xd=\dimen186
\pgf@yd=\dimen187
\w@pgf@writea=\write3
\r@pgf@reada=\read2
\c@pgf@counta=\count297
\c@pgf@countb=\count298
\c@pgf@countc=\count299
\c@pgf@countd=\count300
\t@pgf@toka=\toks26
\t@pgf@tokb=\toks27
\t@pgf@tokc=\toks28
\pgf@sys@id@count=\count301
(/home/lacf14/.TinyTeX/texmf-dist/tex/generic/pgf/systemlayer/pgf.cfg
File: pgf.cfg 2023-01-15 v3.1.10 (3.1.10)
)
Driver file for pgf: pgfsys-pdftex.def
(/home/lacf14/.TinyTeX/texmf-dist/tex/generic/pgf/systemlayer/pgfsys-pdftex.def
File: pgfsys-pdftex.def 2023-01-15 v3.1.10 (3.1.10)
(/home/lacf14/.TinyTeX/texmf-dist/tex/generic/pgf/systemlayer/pgfsys-common-pdf.def
File: pgfsys-common-pdf.def 2023-01-15 v3.1.10 (3.1.10)
))) (/home/lacf14/.TinyTeX/texmf-dist/tex/generic/pgf/systemlayer/pgfsyssoftpath.code.tex
File: pgfsyssoftpath.code.tex 2023-01-15 v3.1.10 (3.1.10)
\pgfsyssoftpath@smallbuffer@items=\count302
\pgfsyssoftpath@bigbuffer@items=\count303
) (/home/lacf14/.TinyTeX/texmf-dist/tex/generic/pgf/systemlayer/pgfsysprotocol.code.tex
File: pgfsysprotocol.code.tex 2023-01-15 v3.1.10 (3.1.10)
)) (/home/lacf14/.TinyTeX/texmf-dist/tex/latex/xcolor/xcolor.sty
Package: xcolor 2024/09/29 v3.02 LaTeX color extensions (UK)
(/home/lacf14/.TinyTeX/texmf-dist/tex/latex/graphics-cfg/color.cfg
File: color.cfg 2016/01/02 v1.6 sample color configuration
)

Package xcolor Warning: Package option `usenames' is obsolete and ignored on input line 265.

Package xcolor Info: Driver file: pdftex.def on input line 274.
(/home/lacf14/.TinyTeX/texmf-dist/tex/latex/graphics/mathcolor.ltx)
Package xcolor Info: Model `cmy' substituted by `cmy0' on input line 1349.
Package xcolor Info: Model `hsb' substituted by `rgb' on input line 1353.
Package xcolor Info: Model `RGB' extended on input line 1365.
Package xcolor Info: Model `HTML' substituted by `rgb' on input line 1367.
Package xcolor Info: Model `Hsb' substituted by `hsb' on input line 1368.
Package xcolor Info: Model `tHsb' substituted by `hsb' on input line 1369.
Package xcolor Info: Model `HSB' substituted by `hsb' on input line 1370.
Package xcolor Info: Model `Gray' substituted by `gray' on input line 1371.
Package xcolor Info: Model `wave' substituted by `hsb' on input line 1372.
) (/home/lacf14/.TinyTeX/texmf-dist/tex/latex/graphics/dvipsnam.def
File: dvipsnam.def 2016/06/17 v3.0m Driver-dependent file (DPC,SPQR)
) (/home/lacf14/.TinyTeX/texmf-dist/tex/generic/pgf/basiclayer/pgfcore.code.tex
Package: pgfcore 2023-01-15 v3.1.10 (3.1.10)
(/home/lacf14/.TinyTeX/texmf-dist/tex/generic/pgf/math/pgfint.code.tex) (/home/lacf14/.TinyTeX/texmf-dist/tex/generic/pgf/basiclayer/pgfcorepoints.code.tex
File: pgfcorepoints.code.tex 2023-01-15 v3.1.10 (3.1.10)
\pgf@picminx=\dimen188
\pgf@picmaxx=\dimen189
\pgf@picminy=\dimen190
\pgf@picmaxy=\dimen191
\pgf@pathminx=\dimen192
\pgf@pathmaxx=\dimen193
\pgf@pathminy=\dimen194
\pgf@pathmaxy=\dimen195
\pgf@xx=\dimen196
\pgf@xy=\dimen197
\pgf@yx=\dimen198
\pgf@yy=\dimen199
\pgf@zx=\dimen256
\pgf@zy=\dimen257
) (/home/lacf14/.TinyTeX/texmf-dist/tex/generic/pgf/basiclayer/pgfcorepathconstruct.code.tex
File: pgfcorepathconstruct.code.tex 2023-01-15 v3.1.10 (3.1.10)
\pgf@path@lastx=\dimen258
\pgf@path@lasty=\dimen259
) (/home/lacf14/.TinyTeX/texmf-dist/tex/generic/pgf/basiclayer/pgfcorepathusage.code.tex
File: pgfcorepathusage.code.tex 2023-01-15 v3.1.10 (3.1.10)
\pgf@shorten@end@additional=\dimen260
\pgf@shorten@start@additional=\dimen261
) (/home/lacf14/.TinyTeX/texmf-dist/tex/generic/pgf/basiclayer/pgfcorescopes.code.tex
File: pgfcorescopes.code.tex 2023-01-15 v3.1.10 (3.1.10)
\pgfpic=\box63
\pgf@hbox=\box64
\pgf@layerbox@main=\box65
\pgf@picture@serial@count=\count304
) (/home/lacf14/.TinyTeX/texmf-dist/tex/generic/pgf/basiclayer/pgfcoregraphicstate.code.tex
File: pgfcoregraphicstate.code.tex 2023-01-15 v3.1.10 (3.1.10)
\pgflinewidth=\dimen262
) (/home/lacf14/.TinyTeX/texmf-dist/tex/generic/pgf/basiclayer/pgfcoretransformations.code.tex
File: pgfcoretransformations.code.tex 2023-01-15 v3.1.10 (3.1.10)
\pgf@pt@x=\dimen263
\pgf@pt@y=\dimen264
\pgf@pt@temp=\dimen265
) (/home/lacf14/.TinyTeX/texmf-dist/tex/generic/pgf/basiclayer/pgfcorequick.code.tex
File: pgfcorequick.code.tex 2023-01-15 v3.1.10 (3.1.10)
) (/home/lacf14/.TinyTeX/texmf-dist/tex/generic/pgf/basiclayer/pgfcoreobjects.code.tex
File: pgfcoreobjects.code.tex 2023-01-15 v3.1.10 (3.1.10)
) (/home/lacf14/.TinyTeX/texmf-dist/tex/generic/pgf/basiclayer/pgfcorepathprocessing.code.tex
File: pgfcorepathprocessing.code.tex 2023-01-15 v3.1.10 (3.1.10)
) (/home/lacf14/.TinyTeX/texmf-dist/tex/generic/pgf/basiclayer/pgfcorearrows.code.tex
File: pgfcorearrows.code.tex 2023-01-15 v3.1.10 (3.1.10)
\pgfarrowsep=\dimen266
) (/home/lacf14/.TinyTeX/texmf-dist/tex/generic/pgf/basiclayer/pgfcoreshade.code.tex
File: pgfcoreshade.code.tex 2023-01-15 v3.1.10 (3.1.10)
\pgf@max=\dimen267
\pgf@sys@shading@range@num=\count305
\pgf@shadingcount=\count306
) (/home/lacf14/.TinyTeX/texmf-dist/tex/generic/pgf/basiclayer/pgfcoreimage.code.tex
File: pgfcoreimage.code.tex 2023-01-15 v3.1.10 (3.1.10)
) (/home/lacf14/.TinyTeX/texmf-dist/tex/generic/pgf/basiclayer/pgfcoreexternal.code.tex
File: pgfcoreexternal.code.tex 2023-01-15 v3.1.10 (3.1.10)
\pgfexternal@startupbox=\box66
) (/home/lacf14/.TinyTeX/texmf-dist/tex/generic/pgf/basiclayer/pgfcorelayers.code.tex
File: pgfcorelayers.code.tex 2023-01-15 v3.1.10 (3.1.10)
) (/home/lacf14/.TinyTeX/texmf-dist/tex/generic/pgf/basiclayer/pgfcoretransparency.code.tex
File: pgfcoretransparency.code.tex 2023-01-15 v3.1.10 (3.1.10)
) (/home/lacf14/.TinyTeX/texmf-dist/tex/generic/pgf/basiclayer/pgfcorepatterns.code.tex
File: pgfcorepatterns.code.tex 2023-01-15 v3.1.10 (3.1.10)
) (/home/lacf14/.TinyTeX/texmf-dist/tex/generic/pgf/basiclayer/pgfcorerdf.code.tex
File: pgfcorerdf.code.tex 2023-01-15 v3.1.10 (3.1.10)
))) (/home/lacf14/.TinyTeX/texmf-dist/tex/latex/pgf/utilities/xxcolor.sty
Package: xxcolor 2003/10/24 ver 0.1

Package xcolor Warning: Package option `usenames' is obsolete and ignored on input line 14.

\XC@nummixins=\count307
\XC@countmixins=\count308
) (/home/lacf14/.TinyTeX/texmf-dist/tex/latex/base/atbegshi-ltx.sty
Package: atbegshi-ltx 2021/01/10 v1.0c Emulation of the original atbegshi
package with kernel methods
) (/home/lacf14/.TinyTeX/texmf-dist/tex/latex/hyperref/hyperref.sty
Package: hyperref 2024-11-05 v7.01l Hypertext links for LaTeX
(/home/lacf14/.TinyTeX/texmf-dist/tex/latex/kvsetkeys/kvsetkeys.sty
Package: kvsetkeys 2022-10-05 v1.19 Key value parser (HO)
) (/home/lacf14/.TinyTeX/texmf-dist/tex/generic/kvdefinekeys/kvdefinekeys.sty
Package: kvdefinekeys 2019-12-19 v1.6 Define keys (HO)
) (/home/lacf14/.TinyTeX/texmf-dist/tex/generic/pdfescape/pdfescape.sty
Package: pdfescape 2019/12/09 v1.15 Implements pdfTeX's escape features (HO)
(/home/lacf14/.TinyTeX/texmf-dist/tex/generic/ltxcmds/ltxcmds.sty
Package: ltxcmds 2023-12-04 v1.26 LaTeX kernel commands for general use (HO)
) (/home/lacf14/.TinyTeX/texmf-dist/tex/generic/pdftexcmds/pdftexcmds.sty
Package: pdftexcmds 2020-06-27 v0.33 Utility functions of pdfTeX for LuaTeX (HO)
(/home/lacf14/.TinyTeX/texmf-dist/tex/generic/infwarerr/infwarerr.sty
Package: infwarerr 2019/12/03 v1.5 Providing info/warning/error messages (HO)
)
Package pdftexcmds Info: \pdf@primitive is available.
Package pdftexcmds Info: \pdf@ifprimitive is available.
Package pdftexcmds Info: \pdfdraftmode found.
)) (/home/lacf14/.TinyTeX/texmf-dist/tex/latex/hycolor/hycolor.sty
Package: hycolor 2020-01-27 v1.10 Color options for hyperref/bookmark (HO)
) (/home/lacf14/.TinyTeX/texmf-dist/tex/latex/hyperref/nameref.sty
Package: nameref 2023-11-26 v2.56 Cross-referencing by name of section
(/home/lacf14/.TinyTeX/texmf-dist/tex/latex/refcount/refcount.sty
Package: refcount 2019/12/15 v3.6 Data extraction from label references (HO)
) (/home/lacf14/.TinyTeX/texmf-dist/tex/generic/gettitlestring/gettitlestring.sty
Package: gettitlestring 2019/12/15 v1.6 Cleanup title references (HO)
(/home/lacf14/.TinyTeX/texmf-dist/tex/latex/kvoptions/kvoptions.sty
Package: kvoptions 2022-06-15 v3.15 Key value format for package options (HO)
))
\c@section@level=\count309
) (/home/lacf14/.TinyTeX/texmf-dist/tex/generic/stringenc/stringenc.sty
Package: stringenc 2019/11/29 v1.12 Convert strings between diff. encodings (HO)
)
\@linkdim=\dimen268
\Hy@linkcounter=\count310
\Hy@pagecounter=\count311
(/home/lacf14/.TinyTeX/texmf-dist/tex/latex/hyperref/pd1enc.def
File: pd1enc.def 2024-11-05 v7.01l Hyperref: PDFDocEncoding definition (HO)
Now handling font encoding PD1 ...
... no UTF-8 mapping file for font encoding PD1
) (/home/lacf14/.TinyTeX/texmf-dist/tex/generic/intcalc/intcalc.sty
Package: intcalc 2019/12/15 v1.3 Expandable calculations with integers (HO)
)
\Hy@SavedSpaceFactor=\count312
(/home/lacf14/.TinyTeX/texmf-dist/tex/latex/hyperref/puenc.def
File: puenc.def 2024-11-05 v7.01l Hyperref: PDF Unicode definition (HO)
Now handling font encoding PU ...
... no UTF-8 mapping file for font encoding PU
)
Package hyperref Info: Option `unicode' set `true' on input line 4040.
Package hyperref Info: Option `bookmarks' set `true' on input line 4040.
Package hyperref Info: Option `bookmarksopen' set `true' on input line 4040.
Package hyperref Info: Option `implicit' set `false' on input line 4040.
Package hyperref Info: Hyper figures OFF on input line 4157.
Package hyperref Info: Link nesting OFF on input line 4162.
Package hyperref Info: Hyper index ON on input line 4165.
Package hyperref Info: Plain pages OFF on input line 4172.
Package hyperref Info: Backreferencing OFF on input line 4177.
Package hyperref Info: Implicit mode OFF; no redefinition of LaTeX internals.
Package hyperref Info: Bookmarks ON on input line 4424.
\c@Hy@tempcnt=\count313
(/home/lacf14/.TinyTeX/texmf-dist/tex/latex/url/url.sty
\Urlmuskip=\muskip17
Package: url 2013/09/16  ver 3.4  Verb mode for urls, etc.
)
LaTeX Info: Redefining \url on input line 4763.
\XeTeXLinkMargin=\dimen269
(/home/lacf14/.TinyTeX/texmf-dist/tex/generic/bitset/bitset.sty
Package: bitset 2019/12/09 v1.3 Handle bit-vector datatype (HO)
(/home/lacf14/.TinyTeX/texmf-dist/tex/generic/bigintcalc/bigintcalc.sty
Package: bigintcalc 2019/12/15 v1.5 Expandable calculations on big integers (HO)
))
\Fld@menulength=\count314
\Field@Width=\dimen270
\Fld@charsize=\dimen271
Package hyperref Info: Hyper figures OFF on input line 6042.
Package hyperref Info: Link nesting OFF on input line 6047.
Package hyperref Info: Hyper index ON on input line 6050.
Package hyperref Info: backreferencing OFF on input line 6057.
Package hyperref Info: Link coloring OFF on input line 6062.
Package hyperref Info: Link coloring with OCG OFF on input line 6067.
Package hyperref Info: PDF/A mode OFF on input line 6072.
\Hy@abspage=\count315

Package hyperref Message: Stopped early.

)
Package hyperref Info: Driver (autodetected): hpdftex.
(/home/lacf14/.TinyTeX/texmf-dist/tex/latex/hyperref/hpdftex.def
File: hpdftex.def 2024-11-05 v7.01l Hyperref driver for pdfTeX
(/home/lacf14/.TinyTeX/texmf-dist/tex/latex/base/atveryend-ltx.sty
Package: atveryend-ltx 2020/08/19 v1.0a Emulation of the original atveryend package
with kernel methods
)
\Fld@listcount=\count316
\c@bookmark@seq@number=\count317
(/home/lacf14/.TinyTeX/texmf-dist/tex/latex/rerunfilecheck/rerunfilecheck.sty
Package: rerunfilecheck 2022-07-10 v1.10 Rerun checks for auxiliary files (HO)
(/home/lacf14/.TinyTeX/texmf-dist/tex/generic/uniquecounter/uniquecounter.sty
Package: uniquecounter 2019/12/15 v1.4 Provide unlimited unique counter (HO)
)
Package uniquecounter Info: New unique counter `rerunfilecheck' on input line 285.
)) (/home/lacf14/.TinyTeX/texmf-dist/tex/latex/beamer/beamerbaserequires.sty (/home/lacf14/.TinyTeX/texmf-dist/tex/latex/beamer/beamerbasecompatibility.sty) (/home/lacf14/.TinyTeX/texmf-dist/tex/latex/beamer/beamerbasefont.sty (/home/lacf14/.TinyTeX/texmf-dist/tex/latex/amsfonts/amssymb.sty
Package: amssymb 2013/01/14 v3.01 AMS font symbols
(/home/lacf14/.TinyTeX/texmf-dist/tex/latex/amsfonts/amsfonts.sty
Package: amsfonts 2013/01/14 v3.01 Basic AMSFonts support
\@emptytoks=\toks29
\symAMSa=\mathgroup4
\symAMSb=\mathgroup5
LaTeX Font Info:    Redeclaring math symbol \hbar on input line 98.
LaTeX Font Info:    Overwriting math alphabet `\mathfrak' in version `bold'
(Font)                  U/euf/m/n --> U/euf/b/n on input line 106.
))) (/home/lacf14/.TinyTeX/texmf-dist/tex/latex/beamer/beamerbasetranslator.sty (/home/lacf14/.TinyTeX/texmf-dist/tex/latex/translator/translator.sty
Package: translator 2021-05-31 v1.12d Easy translation of strings in LaTeX
)) (/home/lacf14/.TinyTeX/texmf-dist/tex/latex/beamer/beamerbasemisc.sty) (/home/lacf14/.TinyTeX/texmf-dist/tex/latex/beamer/beamerbasetwoscreens.sty) (/home/lacf14/.TinyTeX/texmf-dist/tex/latex/beamer/beamerbaseoverlay.sty
\beamer@argscount=\count318
\beamer@lastskipcover=\skip52
\beamer@trivlistdepth=\count319
) (/home/lacf14/.TinyTeX/texmf-dist/tex/latex/beamer/beamerbasetitle.sty) (/home/lacf14/.TinyTeX/texmf-dist/tex/latex/beamer/beamerbasesection.sty
\c@lecture=\count320
\c@part=\count321
\c@section=\count322
\c@subsection=\count323
\c@subsubsection=\count324
) (/home/lacf14/.TinyTeX/texmf-dist/tex/latex/beamer/beamerbaseframe.sty
\beamer@framebox=\box67
\beamer@frametitlebox=\box68
\beamer@zoombox=\box69
\beamer@zoomcount=\count325
\beamer@zoomframecount=\count326
\beamer@frametextheight=\dimen272
\c@subsectionslide=\count327
\beamer@frametopskip=\skip53
\beamer@framebottomskip=\skip54
\beamer@frametopskipautobreak=\skip55
\beamer@framebottomskipautobreak=\skip56
\beamer@envbody=\toks30
\framewidth=\dimen273
\c@framenumber=\count328
) (/home/lacf14/.TinyTeX/texmf-dist/tex/latex/beamer/beamerbaseverbatim.sty
\beamer@verbatimfileout=\write4
) (/home/lacf14/.TinyTeX/texmf-dist/tex/latex/beamer/beamerbaseframesize.sty
\beamer@splitbox=\box70
\beamer@autobreakcount=\count329
\beamer@autobreaklastheight=\dimen274
\beamer@frametitletoks=\toks31
\beamer@framesubtitletoks=\toks32
) (/home/lacf14/.TinyTeX/texmf-dist/tex/latex/beamer/beamerbaseframecomponents.sty
\beamer@footins=\box71
) (/home/lacf14/.TinyTeX/texmf-dist/tex/latex/beamer/beamerbasecolor.sty) (/home/lacf14/.TinyTeX/texmf-dist/tex/latex/beamer/beamerbasenotes.sty
\beamer@frameboxcopy=\box72
) (/home/lacf14/.TinyTeX/texmf-dist/tex/latex/beamer/beamerbasetoc.sty) (/home/lacf14/.TinyTeX/texmf-dist/tex/latex/beamer/beamerbasetemplates.sty
\beamer@sbttoks=\toks33
(/home/lacf14/.TinyTeX/texmf-dist/tex/latex/beamer/beamerbaseauxtemplates.sty (/home/lacf14/.TinyTeX/texmf-dist/tex/latex/beamer/beamerbaseboxes.sty
\bmb@box=\box73
\bmb@colorbox=\box74
\bmb@boxwidth=\dimen275
\bmb@boxheight=\dimen276
\bmb@prevheight=\dimen277
\bmb@temp=\dimen278
\bmb@dima=\dimen279
\bmb@dimb=\dimen280
\bmb@prevheight=\dimen281
)
\beamer@blockheadheight=\dimen282
)) (/home/lacf14/.TinyTeX/texmf-dist/tex/latex/beamer/beamerbaselocalstructure.sty (/home/lacf14/.TinyTeX/texmf-dist/tex/latex/tools/enumerate.sty
Package: enumerate 2023/07/04 v3.00 enumerate extensions (DPC)
\@enLab=\toks34
)
\beamer@bibiconwidth=\skip57
\c@figure=\count330
\c@table=\count331
\abovecaptionskip=\skip58
\belowcaptionskip=\skip59
) (/home/lacf14/.TinyTeX/texmf-dist/tex/latex/beamer/beamerbasenavigation.sty (/home/lacf14/.TinyTeX/texmf-dist/tex/latex/beamer/beamerbasenavigationsymbols.tex)
\beamer@section@min@dim=\dimen283
) (/home/lacf14/.TinyTeX/texmf-dist/tex/latex/beamer/beamerbasetheorems.sty (/home/lacf14/.TinyTeX/texmf-dist/tex/latex/amsmath/amsmath.sty
Package: amsmath 2024/11/05 v2.17t AMS math features
\@mathmargin=\skip60
For additional information on amsmath, use the `?' option.
(/home/lacf14/.TinyTeX/texmf-dist/tex/latex/amsmath/amstext.sty
Package: amstext 2021/08/26 v2.01 AMS text
(/home/lacf14/.TinyTeX/texmf-dist/tex/latex/amsmath/amsgen.sty
File: amsgen.sty 1999/11/30 v2.0 generic functions
\@emptytoks=\toks35
\ex@=\dimen284
)) (/home/lacf14/.TinyTeX/texmf-dist/tex/latex/amsmath/amsbsy.sty
Package: amsbsy 1999/11/29 v1.2d Bold Symbols
\pmbraise@=\dimen285
) (/home/lacf14/.TinyTeX/texmf-dist/tex/latex/amsmath/amsopn.sty
Package: amsopn 2022/04/08 v2.04 operator names
)
\inf@bad=\count332
LaTeX Info: Redefining \frac on input line 233.
\uproot@=\count333
\leftroot@=\count334
LaTeX Info: Redefining \overline on input line 398.
LaTeX Info: Redefining \colon on input line 409.
\classnum@=\count335
\DOTSCASE@=\count336
LaTeX Info: Redefining \ldots on input line 495.
LaTeX Info: Redefining \dots on input line 498.
LaTeX Info: Redefining \cdots on input line 619.
\Mathstrutbox@=\box75
\strutbox@=\box76
LaTeX Info: Redefining \big on input line 721.
LaTeX Info: Redefining \Big on input line 722.
LaTeX Info: Redefining \bigg on input line 723.
LaTeX Info: Redefining \Bigg on input line 724.
\big@size=\dimen286
LaTeX Font Info:    Redeclaring font encoding OML on input line 742.
LaTeX Font Info:    Redeclaring font encoding OMS on input line 743.
\macc@depth=\count337
LaTeX Info: Redefining \bmod on input line 904.
LaTeX Info: Redefining \pmod on input line 909.
LaTeX Info: Redefining \smash on input line 939.
LaTeX Info: Redefining \relbar on input line 969.
LaTeX Info: Redefining \Relbar on input line 970.
\c@MaxMatrixCols=\count338
\dotsspace@=\muskip18
\c@parentequation=\count339
\dspbrk@lvl=\count340
\tag@help=\toks36
\row@=\count341
\column@=\count342
\maxfields@=\count343
\andhelp@=\toks37
\eqnshift@=\dimen287
\alignsep@=\dimen288
\tagshift@=\dimen289
\tagwidth@=\dimen290
\totwidth@=\dimen291
\lineht@=\dimen292
\@envbody=\toks38
\multlinegap=\skip61
\multlinetaggap=\skip62
\mathdisplay@stack=\toks39
LaTeX Info: Redefining \[ on input line 2953.
LaTeX Info: Redefining \] on input line 2954.
) (/home/lacf14/.TinyTeX/texmf-dist/tex/latex/amscls/amsthm.sty
Package: amsthm 2020/05/29 v2.20.6
\thm@style=\toks40
\thm@bodyfont=\toks41
\thm@headfont=\toks42
\thm@notefont=\toks43
\thm@headpunct=\toks44
\thm@preskip=\skip63
\thm@postskip=\skip64
\thm@headsep=\skip65
\dth@everypar=\toks45
)
\c@theorem=\count344
) (/home/lacf14/.TinyTeX/texmf-dist/tex/latex/beamer/beamerbasethemes.sty)) (/home/lacf14/.TinyTeX/texmf-dist/tex/latex/beamer/beamerthemedefault.sty (/home/lacf14/.TinyTeX/texmf-dist/tex/latex/beamer/beamerfontthemedefault.sty) (/home/lacf14/.TinyTeX/texmf-dist/tex/latex/beamer/beamercolorthemedefault.sty) (/home/lacf14/.TinyTeX/texmf-dist/tex/latex/beamer/beamerinnerthemedefault.sty
\beamer@dima=\dimen293
\beamer@dimb=\dimen294
) (/home/lacf14/.TinyTeX/texmf-dist/tex/latex/beamer/beamerouterthemedefault.sty))) (/home/lacf14/.TinyTeX/texmf-dist/tex/latex/pgf/utilities/pgfpages.sty
Package: pgfpages 2011/01/05 ver 0.02
(/home/lacf14/.TinyTeX/texmf-dist/tex/latex/tools/calc.sty
Package: calc 2023/07/08 v4.3 Infix arithmetic (KKT,FJ)
\calc@Acount=\count345
\calc@Bcount=\count346
\calc@Adimen=\dimen295
\calc@Bdimen=\dimen296
\calc@Askip=\skip66
\calc@Bskip=\skip67
LaTeX Info: Redefining \setlength on input line 80.
LaTeX Info: Redefining \addtolength on input line 81.
\calc@Ccount=\count347
\calc@Cskip=\skip68
)
\pgf@logicalpages=\count348
\pgf@firstshipout=\count349
\pgf@lastshipout=\count350
\pgf@currentshipout=\count351
\pgf@cpn=\count352
\pgf@shipoutnextto=\count353
\pgfphysicalheight=\dimen297
\pgfphysicalwidth=\dimen298
\pgfpages@shipoutbox=\box77
) (/home/lacf14/.TinyTeX/texmf-dist/tex/latex/base/fontenc.sty
Package: fontenc 2021/04/29 v2.0v Standard LaTeX package
) (/home/lacf14/.TinyTeX/texmf-dist/tex/latex/base/inputenc.sty
Package: inputenc 2024/02/08 v1.3d Input encoding file
\inpenc@prehook=\toks46
\inpenc@posthook=\toks47
) (/home/lacf14/.TinyTeX/texmf-dist/tex/latex/base/textcomp.sty
Package: textcomp 2024/04/24 v2.1b Standard LaTeX package
) (/home/lacf14/.TinyTeX/texmf-dist/tex/latex/lm/lmodern.sty
Package: lmodern 2015/05/01 v1.6.1 Latin Modern Fonts
LaTeX Font Info:    Overwriting symbol font `operators' in version `normal'
(Font)                  OT1/cmr/m/n --> OT1/lmr/m/n on input line 22.
LaTeX Font Info:    Overwriting symbol font `letters' in version `normal'
(Font)                  OML/cmm/m/it --> OML/lmm/m/it on input line 23.
LaTeX Font Info:    Overwriting symbol font `symbols' in version `normal'
(Font)                  OMS/cmsy/m/n --> OMS/lmsy/m/n on input line 24.
LaTeX Font Info:    Overwriting symbol font `largesymbols' in version `normal'
(Font)                  OMX/cmex/m/n --> OMX/lmex/m/n on input line 25.
LaTeX Font Info:    Overwriting symbol font `operators' in version `bold'
(Font)                  OT1/cmr/bx/n --> OT1/lmr/bx/n on input line 26.
LaTeX Font Info:    Overwriting symbol font `letters' in version `bold'
(Font)                  OML/cmm/b/it --> OML/lmm/b/it on input line 27.
LaTeX Font Info:    Overwriting symbol font `symbols' in version `bold'
(Font)                  OMS/cmsy/b/n --> OMS/lmsy/b/n on input line 28.
LaTeX Font Info:    Overwriting symbol font `largesymbols' in version `bold'
(Font)                  OMX/cmex/m/n --> OMX/lmex/m/n on input line 29.
LaTeX Font Info:    Overwriting math alphabet `\mathbf' in version `normal'
(Font)                  OT1/cmr/bx/n --> OT1/lmr/bx/n on input line 31.
LaTeX Font Info:    Overwriting math alphabet `\mathsf' in version `normal'
(Font)                  OT1/cmss/m/n --> OT1/lmss/m/n on input line 32.
LaTeX Font Info:    Overwriting math alphabet `\mathit' in version `normal'
(Font)                  OT1/cmr/m/it --> OT1/lmr/m/it on input line 33.
LaTeX Font Info:    Overwriting math alphabet `\mathtt' in version `normal'
(Font)                  OT1/cmtt/m/n --> OT1/lmtt/m/n on input line 34.
LaTeX Font Info:    Overwriting math alphabet `\mathbf' in version `bold'
(Font)                  OT1/cmr/bx/n --> OT1/lmr/bx/n on input line 35.
LaTeX Font Info:    Overwriting math alphabet `\mathsf' in version `bold'
(Font)                  OT1/cmss/bx/n --> OT1/lmss/bx/n on input line 36.
LaTeX Font Info:    Overwriting math alphabet `\mathit' in version `bold'
(Font)                  OT1/cmr/bx/it --> OT1/lmr/bx/it on input line 37.
LaTeX Font Info:    Overwriting math alphabet `\mathtt' in version `bold'
(Font)                  OT1/cmtt/m/n --> OT1/lmtt/m/n on input line 38.
) (/home/lacf14/.TinyTeX/texmf-dist/tex/latex/upquote/upquote.sty
Package: upquote 2012/04/19 v1.3 upright-quote and grave-accent glyphs in verbatim
) (/home/lacf14/.TinyTeX/texmf-dist/tex/latex/microtype/microtype.sty
Package: microtype 2024/12/12 v3.2 Micro-typographical refinements (RS)
\MT@toks=\toks48
\MT@tempbox=\box78
\MT@count=\count354
LaTeX Info: Redefining \noprotrusionifhmode on input line 1075.
LaTeX Info: Redefining \leftprotrusion on input line 1076.
\MT@prot@toks=\toks49
LaTeX Info: Redefining \rightprotrusion on input line 1095.
LaTeX Info: Redefining \textls on input line 1437.
\MT@outer@kern=\dimen299
LaTeX Info: Redefining \microtypecontext on input line 2041.
LaTeX Info: Redefining \textmicrotypecontext on input line 2058.
\MT@listname@count=\count355
(/home/lacf14/.TinyTeX/texmf-dist/tex/latex/microtype/microtype-pdftex.def
File: microtype-pdftex.def 2024/12/12 v3.2 Definitions specific to pdftex (RS)
LaTeX Info: Redefining \lsstyle on input line 944.
LaTeX Info: Redefining \lslig on input line 944.
\MT@outer@space=\skip69
)
Package microtype Info: Loading configuration file microtype.cfg.
(/home/lacf14/.TinyTeX/texmf-dist/tex/latex/microtype/microtype.cfg
File: microtype.cfg 2024/12/12 v3.2 microtype main configuration file (RS)
)
LaTeX Info: Redefining \microtypesetup on input line 3053.
) (/home/lacf14/.TinyTeX/texmf-dist/tex/latex/parskip/parskip.sty
Package: parskip 2021-03-14 v2.0h non-zero parskip adjustments
)

Package xcolor Warning: Package option `usenames' is obsolete and ignored on input line 82.

(/home/lacf14/.TinyTeX/texmf-dist/tex/latex/tools/longtable.sty
Package: longtable 2024-10-27 v4.22 Multi-page Table package (DPC)
\LTleft=\skip70
\LTright=\skip71
\LTpre=\skip72
\LTpost=\skip73
\LTchunksize=\count356
\LTcapwidth=\dimen300
\LT@head=\box79
\LT@firsthead=\box80
\LT@foot=\box81
\LT@lastfoot=\box82
\LT@gbox=\box83
\LT@cols=\count357
\LT@rows=\count358
\c@LT@tables=\count359
\c@LT@chunks=\count360
\LT@p@ftn=\toks50
) (/home/lacf14/.TinyTeX/texmf-dist/tex/latex/booktabs/booktabs.sty
Package: booktabs 2020/01/12 v1.61803398 Publication quality tables
\heavyrulewidth=\dimen301
\lightrulewidth=\dimen302
\cmidrulewidth=\dimen303
\belowrulesep=\dimen304
\belowbottomsep=\dimen305
\aboverulesep=\dimen306
\abovetopsep=\dimen307
\cmidrulesep=\dimen308
\cmidrulekern=\dimen309
\defaultaddspace=\dimen310
\@cmidla=\count361
\@cmidlb=\count362
\@aboverulesep=\dimen311
\@belowrulesep=\dimen312
\@thisruleclass=\count363
\@lastruleclass=\count364
\@thisrulewidth=\dimen313
) (/home/lacf14/.TinyTeX/texmf-dist/tex/latex/tools/array.sty
Package: array 2024/10/17 v2.6g Tabular extension package (FMi)
\col@sep=\dimen314
\ar@mcellbox=\box84
\extrarowheight=\dimen315
\NC@list=\toks51
\extratabsurround=\skip74
\backup@length=\skip75
\ar@cellbox=\box85
) (/home/lacf14/.TinyTeX/texmf-dist/tex/latex/caption/caption.sty
Package: caption 2023/08/05 v3.6o Customizing captions (AR)
(/home/lacf14/.TinyTeX/texmf-dist/tex/latex/caption/caption3.sty
Package: caption3 2023/07/31 v2.4d caption3 kernel (AR)
\caption@tempdima=\dimen316
\captionmargin=\dimen317
\caption@leftmargin=\dimen318
\caption@rightmargin=\dimen319
\caption@width=\dimen320
\caption@indent=\dimen321
\caption@parindent=\dimen322
\caption@hangindent=\dimen323
Package caption Info: beamer document class detected.
(/home/lacf14/.TinyTeX/texmf-dist/tex/latex/caption/caption-beamer.sto
File: caption-beamer.sto 2022/01/06 v2.0c Adaption of the caption package to the beamer document classes (AR)
))
\c@caption@flags=\count365
\c@continuedfloat=\count366
Package caption Info: hyperref package is loaded.
Package caption Info: Hyperref support is turned off
(caption)             because hyperref has stopped early.
Package caption Info: longtable package is loaded.
(/home/lacf14/.TinyTeX/texmf-dist/tex/latex/caption/ltcaption.sty
Package: ltcaption 2021/01/08 v1.4c longtable captions (AR)
))
\pandoc@box=\box86
(/home/lacf14/.TinyTeX/texmf-dist/tex/latex/iwona/iwona.sty
Package: iwona 2005/10/03 v.1.2 Iwona package (MW)
\c@mv@iwona=\count367
\c@mv@iwonabold=\count368
LaTeX Font Info:    Overwriting symbol font `operators' in version `iwona'
(Font)                  OT1/cmr/m/n --> OT1/iwonalm/m/n on input line 58.
LaTeX Font Info:    Overwriting symbol font `letters' in version `iwona'
(Font)                  OML/cmm/m/it --> OML/iwonal/m/it on input line 59.
LaTeX Font Info:    Overwriting symbol font `symbols' in version `iwona'
(Font)                  OMS/cmsy/m/n --> OMS/iwonal/m/n on input line 60.
LaTeX Font Info:    Overwriting symbol font `largesymbols' in version `iwona'
(Font)                  OMX/cmex/m/n --> OMX/iwonal/m/n on input line 61.
LaTeX Font Info:    Overwriting symbol font `operators' in version `iwonabold'
(Font)                  OT1/cmr/m/n --> OT1/iwonalm/b/n on input line 62.
LaTeX Font Info:    Overwriting symbol font `letters' in version `iwonabold'
(Font)                  OML/cmm/m/it --> OML/iwonal/b/it on input line 63.
LaTeX Font Info:    Overwriting symbol font `symbols' in version `iwonabold'
(Font)                  OMS/cmsy/m/n --> OMS/iwonal/b/n on input line 64.
LaTeX Font Info:    Overwriting symbol font `largesymbols' in version `iwonabold'
(Font)                  OMX/cmex/m/n --> OMX/iwonal/b/n on input line 65.
LaTeX Font Info:    Overwriting math alphabet `\mathbf' in version `iwona'
(Font)                  OT1/cmr/bx/n --> OT1/iwonal/bx/n on input line 67.
LaTeX Font Info:    Overwriting math alphabet `\mathsf' in version `iwona'
(Font)                  OT1/cmss/m/n --> OT1/iwonal/m/n on input line 68.
LaTeX Font Info:    Overwriting math alphabet `\mathit' in version `iwona'
(Font)                  OT1/cmr/m/it --> OT1/iwonal/m/it on input line 69.
LaTeX Font Info:    Overwriting math alphabet `\mathtt' in version `iwona'
(Font)                  OT1/cmtt/m/n --> OT1/iwonal/m/n on input line 70.
LaTeX Font Info:    Overwriting math alphabet `\mathsf' in version `iwonabold'
(Font)                  OT1/cmss/m/n --> OT1/iwonal/bx/n on input line 71.
LaTeX Font Info:    Overwriting math alphabet `\mathit' in version `iwonabold'
(Font)                  OT1/cmr/m/it --> OT1/iwonal/bx/it on input line 72.
) (/home/lacf14/.TinyTeX/texmf-dist/tex/latex/fira/FiraSans.sty
Package: FiraSans 2022/09/17 (Bob Tennent and autoinst) Style file for Fira Sans fonts.
(/home/lacf14/.TinyTeX/texmf-dist/tex/generic/iftex/ifxetex.sty
Package: ifxetex 2019/10/25 v0.7 ifxetex legacy package. Use iftex instead.
) (/home/lacf14/.TinyTeX/texmf-dist/tex/generic/iftex/ifluatex.sty
Package: ifluatex 2019/10/25 v1.5 ifluatex legacy package. Use iftex instead.
) (/home/lacf14/.TinyTeX/texmf-dist/tex/latex/xkeyval/xkeyval.sty
Package: xkeyval 2022/06/16 v2.9 package option processing (HA)
(/home/lacf14/.TinyTeX/texmf-dist/tex/generic/xkeyval/xkeyval.tex (/home/lacf14/.TinyTeX/texmf-dist/tex/generic/xkeyval/xkvutils.tex
\XKV@toks=\toks52
\XKV@tempa@toks=\toks53
)
\XKV@depth=\count369
File: xkeyval.tex 2014/12/03 v2.7a key=value parser (HA)
)) (/home/lacf14/.TinyTeX/texmf-dist/tex/latex/fontaxes/fontaxes.sty
Package: fontaxes 2020/07/21 v1.0e Font selection axes
LaTeX Info: Redefining \upshape on input line 29.
LaTeX Info: Redefining \itshape on input line 31.
LaTeX Info: Redefining \slshape on input line 33.
LaTeX Info: Redefining \swshape on input line 35.
LaTeX Info: Redefining \scshape on input line 37.
LaTeX Info: Redefining \sscshape on input line 39.
LaTeX Info: Redefining \ulcshape on input line 41.
LaTeX Info: Redefining \textsw on input line 47.
LaTeX Info: Redefining \textssc on input line 48.
LaTeX Info: Redefining \textulc on input line 49.
)) (/home/lacf14/.TinyTeX/texmf-dist/tex/latex/base/fontenc.sty
Package: fontenc 2021/04/29 v2.0v Standard LaTeX package
LaTeX Font Info:    Trying to load font information for T1+FiraSans-OsF on input line 116.
(/home/lacf14/.TinyTeX/texmf-dist/tex/latex/fira/T1FiraSans-OsF.fd
File: T1FiraSans-OsF.fd 2019/10/10 (autoinst) Font definitions for T1/FiraSans-OsF.
)
LaTeX Font Info:    Font shape `T1/FiraSans-OsF/l/n' in size <10.95> not available
(Font)              Font shape `T1/FiraSans-OsF/light/n' tried instead on input line 116.
LaTeX Font Info:    Font shape `T1/FiraSans-OsF/light/n' will be
(Font)              scaled to size 10.95pt on input line 116.
) (/home/lacf14/.TinyTeX/texmf-dist/tex/latex/inconsolata/inconsolata.sty
Package: inconsolata 2019/05/17 v1.12
`inconsolata-zi4' v1.12, 2019/05/17 Text macros for Inconsolata (msharpe)
\zifour@ocount=\count370
) (/home/lacf14/.TinyTeX/texmf-dist/tex/latex/cancel/cancel.sty
Package: cancel 2013/04/12 v2.2 Cancel math terms
) (/home/lacf14/.TinyTeX/texmf-dist/tex/latex/base/fixltx2e.sty
Package: fixltx2e 2016/12/29 v2.1a fixes to LaTeX (obsolete)
Applying: [2015/01/01] Old fixltx2e package on input line 46.

Package fixltx2e Warning: fixltx2e is not required with releases after 2015
(fixltx2e)                All fixes are now in the LaTeX kernel.
(fixltx2e)                See the latexrelease package for details.

Already applied: [0000/00/00] Old fixltx2e package on input line 53.
) (/home/lacf14/.TinyTeX/texmf-dist/tex/generic/babel/babel.sty
Package: babel 2025/02/02 v25.3 The multilingual framework for pdfLaTeX, LuaLaTeX and XeLaTeX
\babel@savecnt=\count371
\U@D=\dimen324
\l@unhyphenated=\language6
(/home/lacf14/.TinyTeX/texmf-dist/tex/generic/babel/txtbabel.def)
\bbl@readstream=\read3
LaTeX Info: Redefining \textlatin on input line 3835.
\bbl@dirlevel=\count372
Package babel Info: Main language set with 'main='. Except if you have
(babel)             problems, prefer the default mechanism for setting
(babel)             the main language, i.e., as the last declared.
(babel)             Reported on input line 4095.
(/home/lacf14/.TinyTeX/texmf-dist/tex/generic/babel-portuges/brazil.ldf
Language: portuges 2021/07/09 v1.2t Portuguese support from the babel system
Package babel Info: Hyphen rules for 'brazil' set to \l@portuguese
(babel)             (\language5). Reported on input line 111.
))

Package xcolor Warning: Package option `usenames' is obsolete and ignored on input line 194.

(/home/lacf14/.TinyTeX/texmf-dist/tex/latex/setspace/setspace.sty
Package: setspace 2022/12/04 v6.7b set line spacing
) (/home/lacf14/.TinyTeX/texmf-dist/tex/latex/comment/comment.sty
\CommentStream=\write5
Excluding comment 'comment') (/home/lacf14/.TinyTeX/texmf-dist/tex/latex/was/icomma.sty
Package: icomma 2002/03/10 v2.0 (WaS)
) (/home/lacf14/.TinyTeX/texmf-dist/tex/latex/pgf/frontendlayer/tikz.sty (/home/lacf14/.TinyTeX/texmf-dist/tex/latex/pgf/basiclayer/pgf.sty
Package: pgf 2023-01-15 v3.1.10 (3.1.10)
(/home/lacf14/.TinyTeX/texmf-dist/tex/generic/pgf/modules/pgfmoduleshapes.code.tex
File: pgfmoduleshapes.code.tex 2023-01-15 v3.1.10 (3.1.10)
\pgfnodeparttextbox=\box87
) (/home/lacf14/.TinyTeX/texmf-dist/tex/generic/pgf/modules/pgfmoduleplot.code.tex
File: pgfmoduleplot.code.tex 2023-01-15 v3.1.10 (3.1.10)
) (/home/lacf14/.TinyTeX/texmf-dist/tex/latex/pgf/compatibility/pgfcomp-version-0-65.sty
Package: pgfcomp-version-0-65 2023-01-15 v3.1.10 (3.1.10)
\pgf@nodesepstart=\dimen325
\pgf@nodesepend=\dimen326
) (/home/lacf14/.TinyTeX/texmf-dist/tex/latex/pgf/compatibility/pgfcomp-version-1-18.sty
Package: pgfcomp-version-1-18 2023-01-15 v3.1.10 (3.1.10)
)) (/home/lacf14/.TinyTeX/texmf-dist/tex/latex/pgf/utilities/pgffor.sty (/home/lacf14/.TinyTeX/texmf-dist/tex/generic/pgf/utilities/pgffor.code.tex
Package: pgffor 2023-01-15 v3.1.10 (3.1.10)
\pgffor@iter=\dimen327
\pgffor@skip=\dimen328
\pgffor@stack=\toks54
\pgffor@toks=\toks55
)) (/home/lacf14/.TinyTeX/texmf-dist/tex/generic/pgf/frontendlayer/tikz/tikz.code.tex
Package: tikz 2023-01-15 v3.1.10 (3.1.10)
(/home/lacf14/.TinyTeX/texmf-dist/tex/generic/pgf/libraries/pgflibraryplothandlers.code.tex
File: pgflibraryplothandlers.code.tex 2023-01-15 v3.1.10 (3.1.10)
\pgf@plot@mark@count=\count373
\pgfplotmarksize=\dimen329
)
\tikz@lastx=\dimen330
\tikz@lasty=\dimen331
\tikz@lastxsaved=\dimen332
\tikz@lastysaved=\dimen333
\tikz@lastmovetox=\dimen334
\tikz@lastmovetoy=\dimen335
\tikzleveldistance=\dimen336
\tikzsiblingdistance=\dimen337
\tikz@figbox=\box88
\tikz@figbox@bg=\box89
\tikz@tempbox=\box90
\tikz@tempbox@bg=\box91
\tikztreelevel=\count374
\tikznumberofchildren=\count375
\tikznumberofcurrentchild=\count376
\tikz@fig@count=\count377
(/home/lacf14/.TinyTeX/texmf-dist/tex/generic/pgf/modules/pgfmodulematrix.code.tex
File: pgfmodulematrix.code.tex 2023-01-15 v3.1.10 (3.1.10)
\pgfmatrixcurrentrow=\count378
\pgfmatrixcurrentcolumn=\count379
\pgf@matrix@numberofcolumns=\count380
)
\tikz@expandcount=\count381
(/home/lacf14/.TinyTeX/texmf-dist/tex/generic/pgf/frontendlayer/tikz/libraries/tikzlibrarytopaths.code.tex
File: tikzlibrarytopaths.code.tex 2023-01-15 v3.1.10 (3.1.10)
)))
Package hyperref Info: Option `colorlinks' set `true' on input line 326.
(/home/lacf14/.TinyTeX/texmf-dist/tex/latex/beamer/beamerthemeBoadilla.sty (/home/lacf14/.TinyTeX/texmf-dist/tex/latex/beamer/beamercolorthemerose.sty) (/home/lacf14/.TinyTeX/texmf-dist/tex/latex/beamer/beamerinnerthemerounded.sty) (/home/lacf14/.TinyTeX/texmf-dist/tex/latex/beamer/beamercolorthemedolphin.sty) (/home/lacf14/.TinyTeX/texmf-dist/tex/latex/beamer/beamerouterthemeinfolines.sty)) (/home/lacf14/.TinyTeX/texmf-dist/tex/latex/changepage/changepage.sty
Package: changepage 2009/10/20 v1.0c check page and change page layout
\c@cp@cntr=\count382
\cp@tempcnt=\count383
) (/home/lacf14/.TinyTeX/texmf-dist/tex/latex/tcolorbox/tcolorbox.sty
Package: tcolorbox 2024/10/22 version 6.4.1 text color boxes
(/home/lacf14/.TinyTeX/texmf-dist/tex/latex/tools/verbatim.sty
Package: verbatim 2024-01-22 v1.5x LaTeX2e package for verbatim enhancements
\every@verbatim=\toks56
\verbatim@line=\toks57
\verbatim@in@stream=\read4
) (/home/lacf14/.TinyTeX/texmf-dist/tex/latex/environ/environ.sty
Package: environ 2014/05/04 v0.3 A new way to define environments
(/home/lacf14/.TinyTeX/texmf-dist/tex/latex/trimspaces/trimspaces.sty
Package: trimspaces 2009/09/17 v1.1 Trim spaces around a token list
))
\tcb@titlebox=\box92
\tcb@upperbox=\box93
\tcb@lowerbox=\box94
\tcb@phantombox=\box95
\c@tcbbreakpart=\count384
\c@tcblayer=\count385
\c@tcolorbox@number=\count386
\l__tcobox_tmpa_box=\box96
\l__tcobox_tmpa_dim=\dimen338
\tcb@temp=\box97
\tcb@temp=\box98
\tcb@temp=\box99
\tcb@temp=\box100
) (/home/lacf14/.TinyTeX/texmf-dist/tex/latex/tools/xspace.sty
Package: xspace 2014/10/28 v1.13 Space after command names (DPC,MH)
) (/home/lacf14/.TinyTeX/texmf-dist/tex/latex/bookmark/bookmark.sty
Package: bookmark 2023-12-10 v1.31 PDF bookmarks (HO)
(/home/lacf14/.TinyTeX/texmf-dist/tex/latex/bookmark/bkm-pdftex.def
File: bkm-pdftex.def 2023-12-10 v1.31 bookmark driver for pdfTeX and luaTeX (HO)
\BKM@id=\count387
))

Package hyperref Warning: Token not allowed in a PDF string (Unicode):
(hyperref)                removing `\new@ifnextchar' on input line 624.


Package hyperref Warning: Token not allowed in a PDF string (Unicode):
(hyperref)                removing `\hfill' on input line 627.


Package hyperref Warning: Token not allowed in a PDF string (Unicode):
(hyperref)                removing `\hfill' on input line 627.

(/home/lacf14/.TinyTeX/texmf-dist/tex/latex/l3backend/l3backend-pdftex.def
File: l3backend-pdftex.def 2024-05-08 L3 backend support: PDF output (pdfTeX)
\l__color_backend_stack_int=\count388
\l__pdf_internal_box=\box101
) (./exercicios-encontro2-solucao.aux)
\openout1 = `exercicios-encontro2-solucao.aux'.

LaTeX Font Info:    Checking defaults for OML/cmm/m/it on input line 627.
LaTeX Font Info:    ... okay on input line 627.
LaTeX Font Info:    Checking defaults for OMS/cmsy/m/n on input line 627.
LaTeX Font Info:    ... okay on input line 627.
LaTeX Font Info:    Checking defaults for OT1/cmr/m/n on input line 627.
LaTeX Font Info:    ... okay on input line 627.
LaTeX Font Info:    Checking defaults for T1/cmr/m/n on input line 627.
LaTeX Font Info:    ... okay on input line 627.
LaTeX Font Info:    Checking defaults for TS1/cmr/m/n on input line 627.
LaTeX Font Info:    ... okay on input line 627.
LaTeX Font Info:    Checking defaults for OMX/cmex/m/n on input line 627.
LaTeX Font Info:    ... okay on input line 627.
LaTeX Font Info:    Checking defaults for U/cmr/m/n on input line 627.
LaTeX Font Info:    ... okay on input line 627.
LaTeX Font Info:    Checking defaults for PD1/pdf/m/n on input line 627.
LaTeX Font Info:    ... okay on input line 627.
LaTeX Font Info:    Checking defaults for PU/pdf/m/n on input line 627.
LaTeX Font Info:    ... okay on input line 627.
*geometry* driver: auto-detecting
*geometry* detected driver: pdftex
*geometry* verbose mode - [ preamble ] result:
* driver: pdftex
* paper: custom
* layout: <same size as paper>
* layoutoffset:(h,v)=(0.0pt,0.0pt)
* modes: includehead includefoot 
* h-part:(L,W,R)=(10.95pt, 433.34409pt, 10.95pt)
* v-part:(T,H,B)=(0.0pt, 256.0748pt, 0.0pt)
* \paperwidth=455.24408pt
* \paperheight=256.0748pt
* \textwidth=433.34409pt
* \textheight=227.62207pt
* \oddsidemargin=-61.31999pt
* \evensidemargin=-61.31999pt
* \topmargin=-72.26999pt
* \headheight=14.22636pt
* \headsep=0.0pt
* \topskip=11.0pt
* \footskip=14.22636pt
* \marginparwidth=4.0pt
* \marginparsep=10.0pt
* \columnsep=10.0pt
* \skip\footins=10.0pt plus 4.0pt minus 2.0pt
* \hoffset=0.0pt
* \voffset=0.0pt
* \mag=1000
* \@twocolumnfalse
* \@twosidefalse
* \@mparswitchfalse
* \@reversemarginfalse
* (1in=72.27pt=25.4mm, 1cm=28.453pt)

(/home/lacf14/.TinyTeX/texmf-dist/tex/latex/epstopdf-pkg/epstopdf-base.sty
Package: epstopdf-base 2020-01-24 v2.11 Base part for package epstopdf
Package epstopdf-base Info: Redefining graphics rule for `.eps' on input line 485.
(/home/lacf14/.TinyTeX/texmf-dist/tex/latex/latexconfig/epstopdf-sys.cfg
File: epstopdf-sys.cfg 2010/07/13 v1.3 Configuration of (r)epstopdf for TeX Live
))
Package hyperref Info: Link coloring OFF on input line 627.
(/home/lacf14/.TinyTeX/texmf-dist/tex/latex/translator/translator-basic-dictionary-English.dict
Dictionary: translator-basic-dictionary, Language: English 
) (/home/lacf14/.TinyTeX/texmf-dist/tex/latex/translator/translator-bibliography-dictionary-English.dict
Dictionary: translator-bibliography-dictionary, Language: English 
) (/home/lacf14/.TinyTeX/texmf-dist/tex/latex/translator/translator-environment-dictionary-English.dict
Dictionary: translator-environment-dictionary, Language: English 
) (/home/lacf14/.TinyTeX/texmf-dist/tex/latex/translator/translator-months-dictionary-English.dict
Dictionary: translator-months-dictionary, Language: English 
) (/home/lacf14/.TinyTeX/texmf-dist/tex/latex/translator/translator-numbers-dictionary-English.dict
Dictionary: translator-numbers-dictionary, Language: English 
) (/home/lacf14/.TinyTeX/texmf-dist/tex/latex/translator/translator-theorem-dictionary-English.dict
Dictionary: translator-theorem-dictionary, Language: English 
)
LaTeX Info: Redefining \microtypecontext on input line 627.
Package microtype Info: Applying patch `item' on input line 627.
Package microtype Info: Applying patch `toc' on input line 627.
Package microtype Info: Applying patch `eqnum' on input line 627.
Package microtype Info: Applying patch `footnote' on input line 627.
Package microtype Info: Applying patch `verbatim' on input line 627.
LaTeX Info: Redefining \microtypesetup on input line 627.
Package microtype Info: Generating PDF output.
Package microtype Info: Character protrusion enabled (level 2).
Package microtype Info: Using protrusion set `basicmath'.
Package microtype Info: Automatic font expansion enabled (level 2),
(microtype)             stretch: 20, shrink: 20, step: 1, non-selected.
Package microtype Info: Using default expansion set `alltext-nott'.
LaTeX Info: Redefining \showhyphens on input line 627.
Package microtype Info: No adjustment of tracking.
Package microtype Info: No adjustment of interword spacing.
Package microtype Info: No adjustment of character kerning.
Package caption Info: Begin \AtBeginDocument code.
Package caption Info: changepage package is loaded.
\caption@adjustwidth@hsize=\dimen339
\caption@adjustwidth@linewidth=\dimen340
Package caption Info: End \AtBeginDocument code.
\c@mv@tabular=\count389
\c@mv@boldtabular=\count390
(./exercicios-encontro2-solucao.nav)
LaTeX Font Info:    Font shape `T1/FiraSans-OsF/l/n' in size <6> not available
(Font)              Font shape `T1/FiraSans-OsF/light/n' tried instead on input line 627.
LaTeX Font Info:    Font shape `T1/FiraSans-OsF/light/n' will be
(Font)              scaled to size 6.0pt on input line 627.
LaTeX Font Info:    Font shape `T1/FiraSans-OsF/b/n' in size <6> not available
(Font)              Font shape `T1/FiraSans-OsF/bold/n' tried instead on input line 627.
LaTeX Font Info:    Font shape `T1/FiraSans-OsF/bold/n' will be
(Font)              scaled to size 6.0pt on input line 627.

Overfull \hbox (1.68091pt too wide) in paragraph at lines 627--627
[][]  
 []


Overfull \hbox (1.68091pt too wide) in paragraph at lines 628--628
[][]  
 []

LaTeX Font Info:    Font shape `T1/FiraSans-OsF/l/n' in size <14.4> not available
(Font)              Font shape `T1/FiraSans-OsF/light/n' tried instead on input line 628.
LaTeX Font Info:    Font shape `T1/FiraSans-OsF/light/n' will be
(Font)              scaled to size 14.4pt on input line 628.
LaTeX Font Info:    Font shape `T1/FiraSans-OsF/b/n' in size <14.4> not available
(Font)              Font shape `T1/FiraSans-OsF/bold/n' tried instead on input line 628.
LaTeX Font Info:    Font shape `T1/FiraSans-OsF/bold/n' will be
(Font)              scaled to size 14.4pt on input line 628.
LaTeX Font Info:    Font shape `T1/FiraSans-OsF/l/n' in size <8> not available
(Font)              Font shape `T1/FiraSans-OsF/light/n' tried instead on input line 628.
LaTeX Font Info:    Font shape `T1/FiraSans-OsF/light/n' will be
(Font)              scaled to size 8.0pt on input line 628.
<config/ufpr-transparent-600px.png, id=15, 602.25pt x 392.46625pt>
File: config/ufpr-transparent-600px.png Graphic file (type png)
<use config/ufpr-transparent-600px.png>
Package pdftex.def Info: config/ufpr-transparent-600px.png  used on input line 628.
(pdftex.def)             Requested size: 78.58931pt x 51.21504pt.


<./config/ufpr-fundo-16x9.jpg, id=17, 481.8pt x 271.0125pt>
File: ./config/ufpr-fundo-16x9.jpg Graphic file (type jpg)
<use ./config/ufpr-fundo-16x9.jpg>
Package pdftex.def Info: ./config/ufpr-fundo-16x9.jpg  used on input line 628.
(pdftex.def)             Requested size: 455.2593pt x 256.08334pt.
LaTeX Font Info:    Font shape `T1/FiraSans-OsF/l/n' in size <4> not available
(Font)              Font shape `T1/FiraSans-OsF/light/n' tried instead on input line 628.
LaTeX Font Info:    Font shape `T1/FiraSans-OsF/light/n' will be
(Font)              scaled to size 4.0pt on input line 628.

Overfull \hbox (1.68091pt too wide) has occurred while \output is active
[][] 
 []

[1

{/home/lacf14/.TinyTeX/texmf-var/fonts/map/pdftex/updmap/pdftex.map}{/home/lacf14/.TinyTeX/texmf-dist/fonts/enc/dvips/fira/fir_iln36p.enc} <./config/ufpr-fundo-16x9.jpg> <./config/ufpr-transparent-600px.png>]
Overfull \hbox (1.68091pt too wide) in paragraph at lines 630--630
[][]  
 []

LaTeX Font Info:    Font shape `T1/FiraSans-OsF/l/n' in size <17.28> not available
(Font)              Font shape `T1/FiraSans-OsF/light/n' tried instead on input line 630.
LaTeX Font Info:    Font shape `T1/FiraSans-OsF/light/n' will be
(Font)              scaled to size 17.28pt on input line 630.
LaTeX Font Info:    Font shape `T1/FiraSans-OsF/b/n' in size <17.28> not available
(Font)              Font shape `T1/FiraSans-OsF/bold/n' tried instead on input line 630.
LaTeX Font Info:    Font shape `T1/FiraSans-OsF/bold/n' will be
(Font)              scaled to size 17.28pt on input line 630.
LaTeX Font Info:    Trying to load font information for OT1+iwonalm on input line 630.
(/home/lacf14/.TinyTeX/texmf-dist/tex/latex/iwona/ot1iwonalm.fd
File: ot1iwonalm.fd 2005/10/05 v1.2 font definition file for OT1/iwonalm (MW)
)
LaTeX Font Info:    Trying to load font information for OML+iwonal on input line 630.
(/home/lacf14/.TinyTeX/texmf-dist/tex/latex/iwona/omliwonal.fd
File: omliwonal.fd 2008/07/22 v0.995 font definition file for OML/iwonal (MW)
)

Package microtype Warning: I cannot find a protrusion list for font
(microtype)                `OML/iwonal/m/it/10.95'. Switching off
(microtype)                protrusion for this font on input line 630.

LaTeX Font Info:    Trying to load font information for OMS+iwonal on input line 630.
(/home/lacf14/.TinyTeX/texmf-dist/tex/latex/iwona/omsiwonal.fd
File: omsiwonal.fd 2008/07/22 v0.995 font definition file for OMS/iwonal (MW)
)

Package microtype Warning: I cannot find a protrusion list for font
(microtype)                `OMS/iwonal/m/n/10.95'. Switching off
(microtype)                protrusion for this font on input line 630.

LaTeX Font Info:    Trying to load font information for OMX+iwonal on input line 630.
(/home/lacf14/.TinyTeX/texmf-dist/tex/latex/iwona/omxiwonal.fd
File: omxiwonal.fd 2008/07/22 v0.995 font definition file for OMX/iwonal (MW)
)
LaTeX Font Info:    Trying to load font information for U+msa on input line 630.
(/home/lacf14/.TinyTeX/texmf-dist/tex/latex/amsfonts/umsa.fd
File: umsa.fd 2013/01/14 v3.01 AMS symbols A
) (/home/lacf14/.TinyTeX/texmf-dist/tex/latex/microtype/mt-msa.cfg
File: mt-msa.cfg 2006/02/04 v1.1 microtype config. file: AMS symbols (a) (RS)
)
LaTeX Font Info:    Trying to load font information for U+msb on input line 630.
(/home/lacf14/.TinyTeX/texmf-dist/tex/latex/amsfonts/umsb.fd
File: umsb.fd 2013/01/14 v3.01 AMS symbols B
) (/home/lacf14/.TinyTeX/texmf-dist/tex/latex/microtype/mt-msb.cfg
File: mt-msb.cfg 2005/06/01 v1.0 microtype config. file: AMS symbols (b) (RS)
)

File: ./config/ufpr-fundo-16x9.jpg Graphic file (type jpg)
<use ./config/ufpr-fundo-16x9.jpg>
Package pdftex.def Info: ./config/ufpr-fundo-16x9.jpg  used on input line 630.
(pdftex.def)             Requested size: 455.2593pt x 256.08334pt.

Overfull \hbox (1.68091pt too wide) has occurred while \output is active
[][] 
 []

[2

]
Overfull \hbox (1.68091pt too wide) in paragraph at lines 657--657
[][]  
 []



File: ./config/ufpr-fundo-16x9.jpg Graphic file (type jpg)
<use ./config/ufpr-fundo-16x9.jpg>
Package pdftex.def Info: ./config/ufpr-fundo-16x9.jpg  used on input line 657.
(pdftex.def)             Requested size: 455.2593pt x 256.08334pt.

Overfull \hbox (1.68091pt too wide) has occurred while \output is active
[][] 
 []

[3

]
Overfull \hbox (1.68091pt too wide) in paragraph at lines 683--683
[][]  
 []

LaTeX Font Info:    Trying to load font information for TS1+FiraSans-OsF on input line 683.
(/home/lacf14/.TinyTeX/texmf-dist/tex/latex/fira/TS1FiraSans-OsF.fd
File: TS1FiraSans-OsF.fd 2019/10/10 (autoinst) Font definitions for TS1/FiraSans-OsF.
)
LaTeX Font Info:    Font shape `TS1/FiraSans-OsF/l/n' in size <10.95> not available
(Font)              Font shape `TS1/FiraSans-OsF/light/n' tried instead on input line 683.
LaTeX Font Info:    Font shape `TS1/FiraSans-OsF/light/n' will be
(Font)              scaled to size 10.95pt on input line 683.
<exercicios-encontro2-solucao_files/figure-beamer/unnamed-chunk-5-1.pdf, id=49, 433.62pt x 542.025pt>
File: exercicios-encontro2-solucao_files/figure-beamer/unnamed-chunk-5-1.pdf Graphic file (type pdf)
<use exercicios-encontro2-solucao_files/figure-beamer/unnamed-chunk-5-1.pdf>
Package pdftex.def Info: exercicios-encontro2-solucao_files/figure-beamer/unnamed-chunk-5-1.pdf  used on input line 683.
(pdftex.def)             Requested size: 191.10558pt x 238.88045pt.

Overfull \vbox (18.74158pt too high) detected at line 683
 []



File: ./config/ufpr-fundo-16x9.jpg Graphic file (type jpg)
<use ./config/ufpr-fundo-16x9.jpg>
Package pdftex.def Info: ./config/ufpr-fundo-16x9.jpg  used on input line 683.
(pdftex.def)             Requested size: 455.2593pt x 256.08334pt.

Overfull \hbox (1.68091pt too wide) has occurred while \output is active
[][] 
 []

[4

{/home/lacf14/.TinyTeX/texmf-dist/fonts/enc/dvips/fira/fir_d67aat.enc} <./exercicios-encontro2-solucao_files/figure-beamer/unnamed-chunk-5-1.pdf>]
Overfull \hbox (1.68091pt too wide) in paragraph at lines 729--729
[][]  
 []

LaTeX Font Info:    Font shape `T1/FiraSans-OsF/l/n' in size <10> not available
(Font)              Font shape `T1/FiraSans-OsF/light/n' tried instead on input line 729.
LaTeX Font Info:    Font shape `T1/FiraSans-OsF/light/n' will be
(Font)              scaled to size 10.0pt on input line 729.


File: ./config/ufpr-fundo-16x9.jpg Graphic file (type jpg)
<use ./config/ufpr-fundo-16x9.jpg>
Package pdftex.def Info: ./config/ufpr-fundo-16x9.jpg  used on input line 729.
(pdftex.def)             Requested size: 455.2593pt x 256.08334pt.

Overfull \hbox (1.68091pt too wide) has occurred while \output is active
[][] 
 []

[5

]
Overfull \hbox (1.68091pt too wide) in paragraph at lines 744--744
[][]  
 []



File: ./config/ufpr-fundo-16x9.jpg Graphic file (type jpg)
<use ./config/ufpr-fundo-16x9.jpg>
Package pdftex.def Info: ./config/ufpr-fundo-16x9.jpg  used on input line 744.
(pdftex.def)             Requested size: 455.2593pt x 256.08334pt.

Overfull \hbox (1.68091pt too wide) has occurred while \output is active
[][] 
 []

[6

]
Overfull \hbox (1.68091pt too wide) in paragraph at lines 746--746
[][]  
 []



File: ./config/ufpr-fundo-16x9.jpg Graphic file (type jpg)
<use ./config/ufpr-fundo-16x9.jpg>
Package pdftex.def Info: ./config/ufpr-fundo-16x9.jpg  used on input line 746.
(pdftex.def)             Requested size: 455.2593pt x 256.08334pt.

Overfull \hbox (1.68091pt too wide) has occurred while \output is active
[][] 
 []

[7

]
Overfull \hbox (1.68091pt too wide) in paragraph at lines 777--777
[][]  
 []


Overfull \hbox (3.72026pt too wide) in paragraph at lines 777--777
[]|\T1/FiraSans-OsF/light/n/10.95 (-20) nibus|  
 []


Overfull \hbox (3.72026pt too wide) in paragraph at lines 777--777
[]|\T1/FiraSans-OsF/light/n/10.95 (-20) nibus|  
 []


Overfull \hbox (1.46419pt too wide) in paragraph at lines 777--777
[]|\T1/FiraSans-OsF/light/n/10.95 (-20) Outro|  
 []


Overfull \hbox (3.72026pt too wide) in paragraph at lines 777--777
[]|\T1/FiraSans-OsF/light/n/10.95 (-20) nibus|  
 []


Overfull \hbox (3.72026pt too wide) in paragraph at lines 777--777
[]|\T1/FiraSans-OsF/light/n/10.95 (-20) nibus|  
 []


Overfull \hbox (3.72026pt too wide) in paragraph at lines 777--777
[]|\T1/FiraSans-OsF/light/n/10.95 (-20) nibus|  
 []


Overfull \hbox (1.46419pt too wide) in paragraph at lines 777--777
[]|\T1/FiraSans-OsF/light/n/10.95 (-20) Outro|  
 []


Overfull \hbox (3.72026pt too wide) in paragraph at lines 777--777
[]|\T1/FiraSans-OsF/light/n/10.95 (-20) nibus|  
 []


Overfull \hbox (3.72026pt too wide) in paragraph at lines 777--777
[]|\T1/FiraSans-OsF/light/n/10.95 (-20) nibus|  
 []



File: ./config/ufpr-fundo-16x9.jpg Graphic file (type jpg)
<use ./config/ufpr-fundo-16x9.jpg>
Package pdftex.def Info: ./config/ufpr-fundo-16x9.jpg  used on input line 777.
(pdftex.def)             Requested size: 455.2593pt x 256.08334pt.

Overfull \hbox (1.68091pt too wide) has occurred while \output is active
[][] 
 []

[8

]
Overfull \hbox (1.68091pt too wide) in paragraph at lines 804--804
[][]  
 []

<exercicios-encontro2-solucao_files/figure-beamer/unnamed-chunk-10-1.pdf, id=102, 418.56375pt x 401.5pt>
File: exercicios-encontro2-solucao_files/figure-beamer/unnamed-chunk-10-1.pdf Graphic file (type pdf)
<use exercicios-encontro2-solucao_files/figure-beamer/unnamed-chunk-10-1.pdf>
Package pdftex.def Info: exercicios-encontro2-solucao_files/figure-beamer/unnamed-chunk-10-1.pdf  used on input line 804.
(pdftex.def)             Requested size: 191.10558pt x 183.3138pt.


File: ./config/ufpr-fundo-16x9.jpg Graphic file (type jpg)
<use ./config/ufpr-fundo-16x9.jpg>
Package pdftex.def Info: ./config/ufpr-fundo-16x9.jpg  used on input line 804.
(pdftex.def)             Requested size: 455.2593pt x 256.08334pt.

Overfull \hbox (1.68091pt too wide) has occurred while \output is active
[][] 
 []

[9

{/home/lacf14/.TinyTeX/texmf-dist/fonts/enc/dvips/iwona/mi-iwona.enc} <./exercicios-encontro2-solucao_files/figure-beamer/unnamed-chunk-10-1.pdf>]
Overfull \hbox (1.68091pt too wide) in paragraph at lines 838--838
[][]  
 []

<exercicios-encontro2-solucao_files/figure-beamer/unnamed-chunk-13-1.pdf, id=118, 418.56375pt x 401.5pt>
File: exercicios-encontro2-solucao_files/figure-beamer/unnamed-chunk-13-1.pdf Graphic file (type pdf)
<use exercicios-encontro2-solucao_files/figure-beamer/unnamed-chunk-13-1.pdf>
Package pdftex.def Info: exercicios-encontro2-solucao_files/figure-beamer/unnamed-chunk-13-1.pdf  used on input line 838.
(pdftex.def)             Requested size: 191.10558pt x 183.3138pt.


File: ./config/ufpr-fundo-16x9.jpg Graphic file (type jpg)
<use ./config/ufpr-fundo-16x9.jpg>
Package pdftex.def Info: ./config/ufpr-fundo-16x9.jpg  used on input line 838.
(pdftex.def)             Requested size: 455.2593pt x 256.08334pt.

Overfull \hbox (1.68091pt too wide) has occurred while \output is active
[][] 
 []

[10

 <./exercicios-encontro2-solucao_files/figure-beamer/unnamed-chunk-13-1.pdf>]
Overfull \hbox (1.68091pt too wide) in paragraph at lines 840--840
[][]  
 []



File: ./config/ufpr-fundo-16x9.jpg Graphic file (type jpg)
<use ./config/ufpr-fundo-16x9.jpg>
Package pdftex.def Info: ./config/ufpr-fundo-16x9.jpg  used on input line 840.
(pdftex.def)             Requested size: 455.2593pt x 256.08334pt.

Overfull \hbox (1.68091pt too wide) has occurred while \output is active
[][] 
 []

[11

]
Overfull \hbox (1.68091pt too wide) in paragraph at lines 866--866
[][]  
 []


Overfull \vbox (11.16054pt too high) detected at line 866
 []



File: ./config/ufpr-fundo-16x9.jpg Graphic file (type jpg)
<use ./config/ufpr-fundo-16x9.jpg>
Package pdftex.def Info: ./config/ufpr-fundo-16x9.jpg  used on input line 866.
(pdftex.def)             Requested size: 455.2593pt x 256.08334pt.

Overfull \hbox (1.68091pt too wide) has occurred while \output is active
[][] 
 []

[12

]
Overfull \hbox (1.68091pt too wide) in paragraph at lines 884--884
[][]  
 []



File: ./config/ufpr-fundo-16x9.jpg Graphic file (type jpg)
<use ./config/ufpr-fundo-16x9.jpg>
Package pdftex.def Info: ./config/ufpr-fundo-16x9.jpg  used on input line 884.
(pdftex.def)             Requested size: 455.2593pt x 256.08334pt.

Overfull \hbox (1.68091pt too wide) has occurred while \output is active
[][] 
 []

[13

]
Overfull \hbox (1.68091pt too wide) in paragraph at lines 906--906
[][]  
 []

<exercicios-encontro2-solucao_files/figure-beamer/unnamed-chunk-16-1.pdf, id=162, 578.16pt x 433.62pt>
File: exercicios-encontro2-solucao_files/figure-beamer/unnamed-chunk-16-1.pdf Graphic file (type pdf)
<use exercicios-encontro2-solucao_files/figure-beamer/unnamed-chunk-16-1.pdf>
Package pdftex.def Info: exercicios-encontro2-solucao_files/figure-beamer/unnamed-chunk-16-1.pdf  used on input line 906.
(pdftex.def)             Requested size: 312.9803pt x 234.73357pt.

Overfull \hbox (35.64037pt too wide) in paragraph at lines 906--906
 [] 
 []


Overfull \vbox (15.5947pt too high) detected at line 906
 []



File: ./config/ufpr-fundo-16x9.jpg Graphic file (type jpg)
<use ./config/ufpr-fundo-16x9.jpg>
Package pdftex.def Info: ./config/ufpr-fundo-16x9.jpg  used on input line 906.
(pdftex.def)             Requested size: 455.2593pt x 256.08334pt.

Overfull \hbox (1.68091pt too wide) has occurred while \output is active
[][] 
 []

[14

 <./exercicios-encontro2-solucao_files/figure-beamer/unnamed-chunk-16-1.pdf>]
Overfull \hbox (1.68091pt too wide) in paragraph at lines 929--929
[][]  
 []

<exercicios-encontro2-solucao_files/figure-beamer/unnamed-chunk-18-1.pdf, id=177, 578.16pt x 433.62pt>
File: exercicios-encontro2-solucao_files/figure-beamer/unnamed-chunk-18-1.pdf Graphic file (type pdf)
<use exercicios-encontro2-solucao_files/figure-beamer/unnamed-chunk-18-1.pdf>
Package pdftex.def Info: exercicios-encontro2-solucao_files/figure-beamer/unnamed-chunk-18-1.pdf  used on input line 929.
(pdftex.def)             Requested size: 312.9803pt x 234.73357pt.

Overfull \hbox (35.64037pt too wide) in paragraph at lines 929--929
 [] 
 []


Overfull \vbox (15.5947pt too high) detected at line 929
 []



File: ./config/ufpr-fundo-16x9.jpg Graphic file (type jpg)
<use ./config/ufpr-fundo-16x9.jpg>
Package pdftex.def Info: ./config/ufpr-fundo-16x9.jpg  used on input line 929.
(pdftex.def)             Requested size: 455.2593pt x 256.08334pt.

Overfull \hbox (1.68091pt too wide) has occurred while \output is active
[][] 
 []

[15

 <./exercicios-encontro2-solucao_files/figure-beamer/unnamed-chunk-18-1.pdf>]
Overfull \hbox (1.68091pt too wide) in paragraph at lines 953--953
[][]  
 []

<exercicios-encontro2-solucao_files/figure-beamer/unnamed-chunk-20-1.pdf, id=192, 578.16pt x 433.62pt>
File: exercicios-encontro2-solucao_files/figure-beamer/unnamed-chunk-20-1.pdf Graphic file (type pdf)
<use exercicios-encontro2-solucao_files/figure-beamer/unnamed-chunk-20-1.pdf>
Package pdftex.def Info: exercicios-encontro2-solucao_files/figure-beamer/unnamed-chunk-20-1.pdf  used on input line 953.
(pdftex.def)             Requested size: 312.9803pt x 234.73357pt.

Overfull \hbox (35.64037pt too wide) in paragraph at lines 953--953
 [] 
 []


Overfull \vbox (15.5947pt too high) detected at line 953
 []



File: ./config/ufpr-fundo-16x9.jpg Graphic file (type jpg)
<use ./config/ufpr-fundo-16x9.jpg>
Package pdftex.def Info: ./config/ufpr-fundo-16x9.jpg  used on input line 953.
(pdftex.def)             Requested size: 455.2593pt x 256.08334pt.

Overfull \hbox (1.68091pt too wide) has occurred while \output is active
[][] 
 []

[16

 <./exercicios-encontro2-solucao_files/figure-beamer/unnamed-chunk-20-1.pdf>]
Overfull \hbox (1.68091pt too wide) in paragraph at lines 977--977
[][]  
 []

<exercicios-encontro2-solucao_files/figure-beamer/unnamed-chunk-22-1.pdf, id=207, 578.16pt x 433.62pt>
File: exercicios-encontro2-solucao_files/figure-beamer/unnamed-chunk-22-1.pdf Graphic file (type pdf)
<use exercicios-encontro2-solucao_files/figure-beamer/unnamed-chunk-22-1.pdf>
Package pdftex.def Info: exercicios-encontro2-solucao_files/figure-beamer/unnamed-chunk-22-1.pdf  used on input line 977.
(pdftex.def)             Requested size: 312.9803pt x 234.73357pt.

Overfull \hbox (35.64037pt too wide) in paragraph at lines 977--977
 [] 
 []


Overfull \vbox (15.5947pt too high) detected at line 977
 []



File: ./config/ufpr-fundo-16x9.jpg Graphic file (type jpg)
<use ./config/ufpr-fundo-16x9.jpg>
Package pdftex.def Info: ./config/ufpr-fundo-16x9.jpg  used on input line 977.
(pdftex.def)             Requested size: 455.2593pt x 256.08334pt.

Overfull \hbox (1.68091pt too wide) has occurred while \output is active
[][] 
 []

[17

 <./exercicios-encontro2-solucao_files/figure-beamer/unnamed-chunk-22-1.pdf>]
Overfull \hbox (1.68091pt too wide) in paragraph at lines 1035--1035
[][]  
 []

LaTeX Font Info:    Font shape `T1/FiraSans-OsF/l/n' in size <9> not available
(Font)              Font shape `T1/FiraSans-OsF/light/n' tried instead on input line 1035.
LaTeX Font Info:    Font shape `T1/FiraSans-OsF/light/n' will be
(Font)              scaled to size 9.0pt on input line 1035.

Package microtype Warning: I cannot find a protrusion list for font
(microtype)                `OML/iwonal/m/it/9'. Switching off
(microtype)                protrusion for this font on input line 1035.


Package microtype Warning: I cannot find a protrusion list for font
(microtype)                `OMS/iwonal/m/n/9'. Switching off
(microtype)                protrusion for this font on input line 1035.



File: ./config/ufpr-fundo-16x9.jpg Graphic file (type jpg)
<use ./config/ufpr-fundo-16x9.jpg>
Package pdftex.def Info: ./config/ufpr-fundo-16x9.jpg  used on input line 1035.
(pdftex.def)             Requested size: 455.2593pt x 256.08334pt.

Overfull \hbox (1.68091pt too wide) has occurred while \output is active
[][] 
 []

[18

{/home/lacf14/.TinyTeX/texmf-dist/fonts/enc/dvips/iwona/rm-iwona.enc}{/home/lacf14/.TinyTeX/texmf-dist/fonts/enc/dvips/iwona/sy-iwona.enc}{/home/lacf14/.TinyTeX/texmf-dist/fonts/enc/dvips/iwona/ex-iwona.enc}]
Overfull \hbox (1.68091pt too wide) in paragraph at lines 1093--1093
[][]  
 []


Overfull \hbox (1.79735pt too wide) in paragraph at lines 1093--1093
 []\T1/FiraSans-OsF/light/n/9 (-20) MT 
 []


Overfull \vbox (13.04459pt too high) detected at line 1093
 []



File: ./config/ufpr-fundo-16x9.jpg Graphic file (type jpg)
<use ./config/ufpr-fundo-16x9.jpg>
Package pdftex.def Info: ./config/ufpr-fundo-16x9.jpg  used on input line 1093.
(pdftex.def)             Requested size: 455.2593pt x 256.08334pt.

Overfull \hbox (1.68091pt too wide) has occurred while \output is active
[][] 
 []

[19

]
Overfull \hbox (1.68091pt too wide) in paragraph at lines 1098--1098
[][]  
 []

<exercicios-encontro2-solucao_files/figure-beamer/unnamed-chunk-27-1.pdf, id=247, 650.43pt x 401.5pt>
File: exercicios-encontro2-solucao_files/figure-beamer/unnamed-chunk-27-1.pdf Graphic file (type pdf)
<use exercicios-encontro2-solucao_files/figure-beamer/unnamed-chunk-27-1.pdf>
Package pdftex.def Info: exercicios-encontro2-solucao_files/figure-beamer/unnamed-chunk-27-1.pdf  used on input line 1098.
(pdftex.def)             Requested size: 312.9803pt x 193.20178pt.


File: ./config/ufpr-fundo-16x9.jpg Graphic file (type jpg)
<use ./config/ufpr-fundo-16x9.jpg>
Package pdftex.def Info: ./config/ufpr-fundo-16x9.jpg  used on input line 1098.
(pdftex.def)             Requested size: 455.2593pt x 256.08334pt.

Overfull \hbox (1.68091pt too wide) has occurred while \output is active
[][] 
 []

[20

 <./exercicios-encontro2-solucao_files/figure-beamer/unnamed-chunk-27-1.pdf>]
Overfull \hbox (1.68091pt too wide) in paragraph at lines 1172--1172
[][]  
 []



File: ./config/ufpr-fundo-16x9.jpg Graphic file (type jpg)
<use ./config/ufpr-fundo-16x9.jpg>
Package pdftex.def Info: ./config/ufpr-fundo-16x9.jpg  used on input line 1172.
(pdftex.def)             Requested size: 455.2593pt x 256.08334pt.

Overfull \hbox (1.68091pt too wide) has occurred while \output is active
[][] 
 []

[21

]
Overfull \hbox (1.68091pt too wide) in paragraph at lines 1177--1177
[][]  
 []

<exercicios-encontro2-solucao_files/figure-beamer/unnamed-chunk-30-1.pdf, id=273, 578.16pt x 361.35pt>
File: exercicios-encontro2-solucao_files/figure-beamer/unnamed-chunk-30-1.pdf Graphic file (type pdf)
<use exercicios-encontro2-solucao_files/figure-beamer/unnamed-chunk-30-1.pdf>
Package pdftex.def Info: exercicios-encontro2-solucao_files/figure-beamer/unnamed-chunk-30-1.pdf  used on input line 1177.
(pdftex.def)             Requested size: 312.9803pt x 195.6113pt.


File: ./config/ufpr-fundo-16x9.jpg Graphic file (type jpg)
<use ./config/ufpr-fundo-16x9.jpg>
Package pdftex.def Info: ./config/ufpr-fundo-16x9.jpg  used on input line 1177.
(pdftex.def)             Requested size: 455.2593pt x 256.08334pt.

Overfull \hbox (1.68091pt too wide) has occurred while \output is active
[][] 
 []

[22

 <./exercicios-encontro2-solucao_files/figure-beamer/unnamed-chunk-30-1.pdf>]
\tf@nav=\write6
\openout6 = `exercicios-encontro2-solucao.nav'.

\tf@toc=\write7
\openout7 = `exercicios-encontro2-solucao.toc'.

\tf@snm=\write8
\openout8 = `exercicios-encontro2-solucao.snm'.

(./exercicios-encontro2-solucao.aux)
 ***********
LaTeX2e <2024-11-01> patch level 2
L3 programming layer <2025-01-18>
 ***********
 ) 
Here is how much of TeX's memory you used:
 33476 strings out of 475152
 678946 string characters out of 5765150
 1077617 words of memory out of 5000000
 55635 multiletter control sequences out of 15000+600000
 753956 words of font info for 149 fonts, out of 8000000 for 9000
 16 hyphenation exceptions out of 8191
 101i,16n,107p,1025b,863s stack positions out of 10000i,1000n,20000p,200000b,200000s
</home/lacf14/.TinyTeX/texmf-dist/fonts/type1/public/fira/FiraSans-Bold.pfb></home/lacf14/.TinyTeX/texmf-dist/fonts/type1/public/fira/FiraSans-Light.pfb></home/lacf14/.TinyTeX/texmf-dist/fonts/type1/nowacki/iwona/iwonal.pfb></home/lacf14/.TinyTeX/texmf-dist/fonts/type1/nowacki/iwona/iwonali.pfb></home/lacf14/.TinyTeX/texmf-dist/fonts/type1/public/amsfonts/symbols/msam10.pfb>
Output written on exercicios-encontro2-solucao.pdf (22 pages, 398250 bytes).
PDF statistics:
 351 PDF objects out of 1000 (max. 8388607)
 261 compressed objects within 3 object streams
 88 named destinations out of 1000 (max. 500000)
 43130 words of extra memory for PDF output out of 51595 (max. 10000000)

